<?xml version="1.0" encoding="UTF-8"?>
<coverage generated="1757719434317" clover="3.2.0">
  <project timestamp="1757719434317" name="All files">
    <metrics statements="37" coveredstatements="22" conditionals="6" coveredconditionals="4" methods="5" coveredmethods="3" elements="48" coveredelements="29" complexity="0" loc="37" ncloc="37" packages="2" files="3" classes="3"/>
    <package name="Aula 3 - Explore testes no React">
      <metrics statements="6" coveredstatements="0" conditionals="1" coveredconditionals="0" methods="1" coveredmethods="0"/>
      <file name="setupTests.js" path="C:\Users\BR_DINIS\Desktop\aulas\Ebac\ebac_engenheiro_front_end\Testes\Módulo 33 - React Testing Library\Aula 3 - Explore testes no React\setupTests.js">
        <metrics statements="6" coveredstatements="0" conditionals="1" coveredconditionals="0" methods="1" coveredmethods="0"/>
        <line num="1" count="0" type="cond" truecount="0" falsecount="1"/>
        <line num="2" count="0" type="stmt"/>
        <line num="3" count="0" type="stmt"/>
        <line num="4" count="0" type="stmt"/>
        <line num="5" count="0" type="stmt"/>
        <line num="6" count="0" type="stmt"/>
      </file>
    </package>
    <package name="Aula 3 - Explore testes no React.src">
      <metrics statements="31" coveredstatements="22" conditionals="5" coveredconditionals="4" methods="4" coveredmethods="3"/>
      <file name="App.jsx" path="C:\Users\BR_DINIS\Desktop\aulas\Ebac\ebac_engenheiro_front_end\Testes\Módulo 33 - React Testing Library\Aula 3 - Explore testes no React\src\App.jsx">
        <metrics statements="22" coveredstatements="22" conditionals="4" coveredconditionals="4" methods="3" coveredmethods="3"/>
        <line num="1" count="1" type="stmt"/>
        <line num="4" count="4" type="cond" truecount="1" falsecount="0"/>
        <line num="5" count="4" type="stmt"/>
        <line num="6" count="4" type="stmt"/>
        <line num="8" count="4" type="cond" truecount="1" falsecount="0"/>
        <line num="9" count="1" type="stmt"/>
        <line num="10" count="1" type="stmt"/>
        <line num="11" count="1" type="stmt"/>
        <line num="12" count="4" type="stmt"/>
        <line num="13" count="4" type="stmt"/>
        <line num="14" count="4" type="stmt"/>
        <line num="15" count="4" type="cond" truecount="1" falsecount="0"/>
        <line num="16" count="4" type="stmt"/>
        <line num="17" count="4" type="stmt"/>
        <line num="18" count="4" type="cond" truecount="1" falsecount="0"/>
        <line num="19" count="1" type="stmt"/>
        <line num="20" count="4" type="stmt"/>
        <line num="21" count="4" type="stmt"/>
        <line num="22" count="4" type="stmt"/>
        <line num="23" count="4" type="stmt"/>
        <line num="25" count="4" type="stmt"/>
        <line num="27" count="1" type="stmt"/>
      </file>
      <file name="main.jsx" path="C:\Users\BR_DINIS\Desktop\aulas\Ebac\ebac_engenheiro_front_end\Testes\Módulo 33 - React Testing Library\Aula 3 - Explore testes no React\src\main.jsx">
        <metrics statements="9" coveredstatements="0" conditionals="1" coveredconditionals="0" methods="1" coveredmethods="0"/>
        <line num="1" count="0" type="cond" truecount="0" falsecount="1"/>
        <line num="2" count="0" type="stmt"/>
        <line num="3" count="0" type="stmt"/>
        <line num="4" count="0" type="stmt"/>
        <line num="5" count="0" type="stmt"/>
        <line num="6" count="0" type="stmt"/>
        <line num="7" count="0" type="stmt"/>
        <line num="8" count="0" type="stmt"/>
        <line num="9" count="0" type="stmt"/>
      </file>
    </package>
  </project>
</coverage>
